<?xml version="1.0" encoding="UTF-8"?>
<!-- Generated by org.testng.reporters.JUnitReportReporter -->
<testsuite hostname="DESKTOP-D5PIDCP" failures="0" tests="21" name="TestRunner.CucumberTestRunner" time="845.798" errors="0" timestamp="2024-09-10T23:06:59 BDT" skipped="0">
  <testcase classname="TestRunner.CucumberTestRunner" name="runScenario" time="25.898"/>
  <testcase classname="TestRunner.CucumberTestRunner" name="runScenario" time="23.096"/>
  <testcase classname="TestRunner.CucumberTestRunner" name="runScenario" time="23.774"/>
  <testcase classname="TestRunner.CucumberTestRunner" name="runScenario" time="31.186"/>
  <testcase classname="TestRunner.CucumberTestRunner" name="runScenario" time="35.519"/>
  <testcase classname="TestRunner.CucumberTestRunner" name="runScenario" time="25.157"/>
  <testcase classname="TestRunner.CucumberTestRunner" name="runScenario" time="62.923"/>
  <testcase classname="TestRunner.CucumberTestRunner" name="runScenario" time="50.646"/>
  <testcase classname="TestRunner.CucumberTestRunner" name="runScenario" time="41.187"/>
  <testcase classname="TestRunner.CucumberTestRunner" name="runScenario" time="24.387"/>
  <testcase classname="TestRunner.CucumberTestRunner" name="runScenario" time="28.179"/>
  <testcase classname="TestRunner.CucumberTestRunner" name="runScenario" time="33.950"/>
  <testcase classname="TestRunner.CucumberTestRunner" name="runScenario" time="66.673"/>
  <testcase classname="TestRunner.CucumberTestRunner" name="runScenario" time="51.649"/>
  <testcase classname="TestRunner.CucumberTestRunner" name="runScenario" time="29.562"/>
  <testcase classname="TestRunner.CucumberTestRunner" name="runScenario" time="106.081"/>
  <testcase classname="TestRunner.CucumberTestRunner" name="runScenario" time="23.505"/>
  <testcase classname="TestRunner.CucumberTestRunner" name="runScenario" time="23.790"/>
  <testcase classname="TestRunner.CucumberTestRunner" name="runScenario" time="23.326"/>
  <testcase classname="TestRunner.CucumberTestRunner" name="runScenario" time="53.998"/>
  <testcase classname="TestRunner.CucumberTestRunner" name="runScenario" time="61.312"/>
</testsuite> <!-- TestRunner.CucumberTestRunner -->
